cameraclass.obj : error LNK2019: D3DXVec3TransformCoord"public: void __cdecl CameraClass::Render(void)" (?Render@CameraClass@@QEAAXXZ) 함수에서 참조되는 확인할 수 없는 외부 기호
graphicsclass.obj : error LNK2001: 확인할 수 없는 외부 기호 D3DXVec3TransformCoord
cameraclass.obj : error LNK2019: D3DXMatrixRotationYawPitchRoll"public: void __cdecl CameraClass::Render(void)" (?Render@CameraClass@@QEAAXXZ) 함수에서 참조되는 확인할 수 없는 외부 기호
graphicsclass.obj : error LNK2001: 확인할 수 없는 외부 기호 D3DXMatrixRotationYawPitchRoll
cameraclass.obj : error LNK2019: D3DXMatrixLookAtLH"public: void __cdecl CameraClass::Render(void)" (?Render@CameraClass@@QEAAXXZ) 함수에서 참조되는 확인할 수 없는 외부 기호
fontshaderclass.obj : error LNK2019: D3DXMatrixTranspose"private: bool __cdecl FontShaderClass::SetShaderParameters(struct ID3D11DeviceContext *,struct D3DXMATRIX,struct D3DXMATRIX,struct D3DXMATRIX,struct ID3D11ShaderResourceView *,struct D3DXVECTOR4)" (?SetShaderParameters@FontShaderClass@@AEAA_NPEAUID3D11DeviceContext@@UD3DXMATRIX@@11PEAUID3D11ShaderResourceView@@UD3DXVECTOR4@@@Z) 함수에서 참조되는 확인할 수 없는 외부 기호
lightshaderclass.obj : error LNK2001: 확인할 수 없는 외부 기호 D3DXMatrixTranspose
skyboxclass.obj : error LNK2001: 확인할 수 없는 외부 기호 D3DXMatrixTranspose
textureshaderclass.obj : error LNK2001: 확인할 수 없는 외부 기호 D3DXMatrixTranspose
fontshaderclass.obj : error LNK2019: D3DX11CompileFromFileW"private: bool __cdecl FontShaderClass::InitializeShader(struct ID3D11Device *,struct HWND__ *,wchar_t const *,wchar_t const *)" (?InitializeShader@FontShaderClass@@AEAA_NPEAUID3D11Device@@PEAUHWND__@@PEB_W2@Z) 함수에서 참조되는 확인할 수 없는 외부 기호
lightshaderclass.obj : error LNK2001: 확인할 수 없는 외부 기호 D3DX11CompileFromFileW
skyboxclass.obj : error LNK2001: 확인할 수 없는 외부 기호 D3DX11CompileFromFileW
textureshaderclass.obj : error LNK2001: 확인할 수 없는 외부 기호 D3DX11CompileFromFileW
lightclass.obj : error LNK2019: D3DX11CreateShaderResourceViewFromFileW"public: bool __cdecl LightClass::Initialize(struct ID3D11Device *,wchar_t const *)" (?Initialize@LightClass@@QEAA_NPEAUID3D11Device@@PEB_W@Z) 함수에서 참조되는 확인할 수 없는 외부 기호
textureclass.obj : error LNK2001: 확인할 수 없는 외부 기호 D3DX11CreateShaderResourceViewFromFileW
skyboxclass.obj : error LNK2019: D3DXVec4Normalize"private: bool __cdecl SkyboxClass::CreateSphere(struct ID3D11Device *,int,int)" (?CreateSphere@SkyboxClass@@AEAA_NPEAUID3D11Device@@HH@Z) 함수에서 참조되는 확인할 수 없는 외부 기호
skyboxclass.obj : error LNK2019: D3DXVec4Transform"private: bool __cdecl SkyboxClass::CreateSphere(struct ID3D11Device *,int,int)" (?CreateSphere@SkyboxClass@@AEAA_NPEAUID3D11Device@@HH@Z) 함수에서 참조되는 확인할 수 없는 외부 기호
skyboxclass.obj : error LNK2019: D3DXMatrixMultiply"public: struct D3DXMATRIX __cdecl D3DXMATRIX::operator*(struct D3DXMATRIX const &)const " (??DD3DXMATRIX@@QEBA?AU0@AEBU0@@Z) 함수에서 참조되는 확인할 수 없는 외부 기호
graphicsclass.obj : error LNK2001: 확인할 수 없는 외부 기호 D3DXMatrixMultiply
skyboxclass.obj : error LNK2019: D3DXMatrixScaling"public: void __cdecl SkyboxClass::Frame(struct D3DXVECTOR3)" (?Frame@SkyboxClass@@QEAAXUD3DXVECTOR3@@@Z) 함수에서 참조되는 확인할 수 없는 외부 기호
graphicsclass.obj : error LNK2001: 확인할 수 없는 외부 기호 D3DXMatrixScaling
skyboxclass.obj : error LNK2019: D3DXMatrixTranslation"public: void __cdecl SkyboxClass::Frame(struct D3DXVECTOR3)" (?Frame@SkyboxClass@@QEAAXUD3DXVECTOR3@@@Z) 함수에서 참조되는 확인할 수 없는 외부 기호
graphicsclass.obj : error LNK2001: 확인할 수 없는 외부 기호 D3DXMatrixTranslation
skyboxclass.obj : error LNK2019: D3DXMatrixRotationX"private: bool __cdecl SkyboxClass::CreateSphere(struct ID3D11Device *,int,int)" (?CreateSphere@SkyboxClass@@AEAA_NPEAUID3D11Device@@HH@Z) 함수에서 참조되는 확인할 수 없는 외부 기호
skyboxclass.obj : error LNK2019: D3DXMatrixRotationZ"private: bool __cdecl SkyboxClass::CreateSphere(struct ID3D11Device *,int,int)" (?CreateSphere@SkyboxClass@@AEAA_NPEAUID3D11Device@@HH@Z) 함수에서 참조되는 확인할 수 없는 외부 기호
skyboxclass.obj : error LNK2019: D3DX11CreateTextureFromFileW"public: bool __cdecl SkyboxClass::Initialize(struct ID3D11Device *,struct ID3D11DeviceContext *,struct HWND__ *)" (?Initialize@SkyboxClass@@QEAA_NPEAUID3D11Device@@PEAUID3D11DeviceContext@@PEAUHWND__@@@Z) 함수에서 참조되는 확인할 수 없는 외부 기호
d3dclass.obj : error LNK2019: CreateDXGIFactory"public: bool __cdecl D3DClass::Initialize(int,int,bool,struct HWND__ *,bool,float,float)" (?Initialize@D3DClass@@QEAA_NHH_NPEAUHWND__@@0MM@Z) 함수에서 참조되는 확인할 수 없는 외부 기호
d3dclass.obj : error LNK2019: D3D11CreateDeviceAndSwapChain"public: bool __cdecl D3DClass::Initialize(int,int,bool,struct HWND__ *,bool,float,float)" (?Initialize@D3DClass@@QEAA_NHH_NPEAUHWND__@@0MM@Z) 함수에서 참조되는 확인할 수 없는 외부 기호
d3dclass.obj : error LNK2019: D3DXMatrixPerspectiveFovLH"public: bool __cdecl D3DClass::Initialize(int,int,bool,struct HWND__ *,bool,float,float)" (?Initialize@D3DClass@@QEAA_NHH_NPEAUHWND__@@0MM@Z) 함수에서 참조되는 확인할 수 없는 외부 기호
d3dclass.obj : error LNK2019: D3DXMatrixOrthoLH"public: bool __cdecl D3DClass::Initialize(int,int,bool,struct HWND__ *,bool,float,float)" (?Initialize@D3DClass@@QEAA_NHH_NPEAUHWND__@@0MM@Z) 함수에서 참조되는 확인할 수 없는 외부 기호
inputclass.obj : error LNK2019: DirectInput8Create"public: bool __cdecl InputClass::Initialize(struct HINSTANCE__ *,struct HWND__ *,int,int)" (?Initialize@InputClass@@QEAA_NPEAUHINSTANCE__@@PEAUHWND__@@HH@Z) 함수에서 참조되는 확인할 수 없는 외부 기호
inputclass.obj : error LNK2001: 확인할 수 없는 외부 기호 IID_IDirectInput8W
inputclass.obj : error LNK2001: 확인할 수 없는 외부 기호 GUID_SysMouse
inputclass.obj : error LNK2001: 확인할 수 없는 외부 기호 GUID_SysKeyboard
inputclass.obj : error LNK2001: 확인할 수 없는 외부 기호 c_dfDIMouse
inputclass.obj : error LNK2001: 확인할 수 없는 외부 기호 c_dfDIKeyboard
systemclass.obj : error LNK2019: "public: __cdecl SoundClass::SoundClass(void)" (??0SoundClass@@QEAA@XZ)"public: bool __cdecl SystemClass::Initialize(void)" (?Initialize@SystemClass@@QEAA_NXZ) 함수에서 참조되는 확인할 수 없는 외부 기호
systemclass.obj : error LNK2019: "public: __cdecl SoundClass::~SoundClass(void)" (??1SoundClass@@QEAA@XZ)"public: void * __cdecl SoundClass::`scalar deleting destructor'(unsigned int)" (??_GSoundClass@@QEAAPEAXI@Z) 함수에서 참조되는 확인할 수 없는 외부 기호
systemclass.obj : error LNK2019: "public: bool __cdecl SoundClass::Initialize(struct HWND__ *)" (?Initialize@SoundClass@@QEAA_NPEAUHWND__@@@Z)"public: bool __cdecl SystemClass::Initialize(void)" (?Initialize@SystemClass@@QEAA_NXZ) 함수에서 참조되는 확인할 수 없는 외부 기호
systemclass.obj : error LNK2019: "public: void __cdecl SoundClass::Shutdown(void)" (?Shutdown@SoundClass@@QEAAXXZ)"public: void __cdecl SystemClass::Shutdown(void)" (?Shutdown@SystemClass@@QEAAXXZ) 함수에서 참조되는 확인할 수 없는 외부 기호
systemclass.obj : error LNK2019: "public: bool __cdecl SoundClass::CheckPlaying(void)" (?CheckPlaying@SoundClass@@QEAA_NXZ)"public: void __cdecl SystemClass::Run(void)" (?Run@SystemClass@@QEAAXXZ) 함수에서 참조되는 확인할 수 없는 외부 기호
systemclass.obj : error LNK2019: "public: void __cdecl SoundClass::PlayMusic(void)" (?PlayMusic@SoundClass@@QEAAXXZ)"public: void __cdecl SystemClass::Run(void)" (?Run@SystemClass@@QEAAXXZ) 함수에서 참조되는 확인할 수 없는 외부 기호
C:\Program Files (x86)\Microsoft DirectX SDK (June 2010)\Lib\x86\dxgi.lib : warning LNK4272: 'x86' 라이브러리 컴퓨터 종류가 'x64' 대상 컴퓨터 종류와 충돌합니다.
C:\Program Files (x86)\Microsoft DirectX SDK (June 2010)\Lib\x86\d3d11.lib : warning LNK4272: 'x86' 라이브러리 컴퓨터 종류가 'x64' 대상 컴퓨터 종류와 충돌합니다.
C:\Program Files (x86)\Microsoft DirectX SDK (June 2010)\Lib\x86\d3dx11.lib : warning LNK4272: 'x86' 라이브러리 컴퓨터 종류가 'x64' 대상 컴퓨터 종류와 충돌합니다.
C:\Program Files (x86)\Microsoft DirectX SDK (June 2010)\Lib\x86\d3dx10.lib : warning LNK4272: 'x86' 라이브러리 컴퓨터 종류가 'x64' 대상 컴퓨터 종류와 충돌합니다.
C:\Program Files (x86)\Microsoft DirectX SDK (June 2010)\Lib\x86\dinput8.lib : warning LNK4272: 'x86' 라이브러리 컴퓨터 종류가 'x64' 대상 컴퓨터 종류와 충돌합니다.
C:\Program Files (x86)\Microsoft DirectX SDK (June 2010)\Lib\x86\dxguid.lib : warning LNK4272: 'x86' 라이브러리 컴퓨터 종류가 'x64' 대상 컴퓨터 종류와 충돌합니다.
C:\Program Files (x86)\Microsoft DirectX SDK (June 2010)\Lib\x86\dsound.lib : warning LNK4272: 'x86' 라이브러리 컴퓨터 종류가 'x64' 대상 컴퓨터 종류와 충돌합니다.
C:\Users\bean9\OneDrive\Documents\CGP_2020-2\Engine\x64\Debug\Engine.exe : fatal error LNK1120: 30개의 확인할 수 없는 외부 참조입니다.
